build/app/intermediates/manifest_merge_blame_file/debug/manifest-merger-blame-debug-report.txt
1<?xml version="1.0" encoding="utf-8"?>
2<manifest xmlns:android="http://schemas.android.com/apk/res/android"
3    package="com.app.alameen.al_ameen"
4    android:versionCode="1"
5    android:versionName="1.0.0" >
6
7    <uses-sdk
8        android:minSdkVersion="25"
9        android:targetSdkVersion="33" />
10    <!--
11         The INTERNET permission is required for development. Specifically,
12         the Flutter tool needs it to communicate with the running application
13         to allow setting breakpoints, to provide hot reload, etc.
14    -->
15    <uses-permission android:name="android.permission.INTERNET" />
15-->src\debug\AndroidManifest.xml:6:5-66
15-->src\debug\AndroidManifest.xml:6:22-64
16
17    <queries>
17-->src\main\AndroidManifest.xml:34:5-50:15
18
19        <!-- Separate the http and https schemes into different intent blocks -->
20        <intent>
20-->src\main\AndroidManifest.xml:36:9-40:18
21            <action android:name="android.intent.action.VIEW" />
21-->src\main\AndroidManifest.xml:37:13-65
21-->src\main\AndroidManifest.xml:37:21-62
22
23            <category android:name="android.intent.category.BROWSABLE" />
23-->src\main\AndroidManifest.xml:38:13-74
23-->src\main\AndroidManifest.xml:38:23-71
24
25            <data android:scheme="http" />
25-->src\main\AndroidManifest.xml:39:13-43
25-->src\main\AndroidManifest.xml:39:19-40
26        </intent>
27        <intent>
27-->src\main\AndroidManifest.xml:41:9-45:18
28            <action android:name="android.intent.action.VIEW" />
28-->src\main\AndroidManifest.xml:37:13-65
28-->src\main\AndroidManifest.xml:37:21-62
29
30            <category android:name="android.intent.category.BROWSABLE" />
30-->src\main\AndroidManifest.xml:38:13-74
30-->src\main\AndroidManifest.xml:38:23-71
31
32            <data android:scheme="https" />
32-->src\main\AndroidManifest.xml:39:13-43
32-->src\main\AndroidManifest.xml:39:19-40
33        </intent>
34        <intent>
34-->src\main\AndroidManifest.xml:46:9-49:18
35            <action android:name="android.intent.action.DIAL" />
35-->src\main\AndroidManifest.xml:47:13-65
35-->src\main\AndroidManifest.xml:47:21-62
36
37            <data android:scheme="tel" />
37-->src\main\AndroidManifest.xml:39:13-43
37-->src\main\AndroidManifest.xml:39:19-40
38        </intent>
39    </queries>
40
41    <uses-permission android:name="android.permission.ACCESS_NETWORK_STATE" />
41-->[androidx.media3:media3-common:1.4.1] AndroidManifest.xml:22:5-79
41-->[androidx.media3:media3-common:1.4.1] AndroidManifest.xml:22:22-76
42
43    <permission
43-->[androidx.core:core:1.13.1] AndroidManifest.xml:22:5-24:47
44        android:name="com.app.alameen.al_ameen.DYNAMIC_RECEIVER_NOT_EXPORTED_PERMISSION"
44-->[androidx.core:core:1.13.1] AndroidManifest.xml:23:9-81
45        android:protectionLevel="signature" />
45-->[androidx.core:core:1.13.1] AndroidManifest.xml:24:9-44
46
47    <uses-permission android:name="com.app.alameen.al_ameen.DYNAMIC_RECEIVER_NOT_EXPORTED_PERMISSION" />
47-->[androidx.core:core:1.13.1] AndroidManifest.xml:26:5-97
47-->[androidx.core:core:1.13.1] AndroidManifest.xml:26:22-94
48
49    <application
50        android:name="android.app.Application"
51        android:appComponentFactory="androidx.core.app.CoreComponentFactory"
51-->[androidx.core:core:1.13.1] AndroidManifest.xml:28:18-86
52        android:debuggable="true"
53        android:extractNativeLibs="false"
54        android:icon="@mipmap/ic_launcher"
55        android:label="al_ameen" >
56        <activity
57            android:name="com.app.alameen.al_ameen.MainActivity"
58            android:configChanges="orientation|keyboardHidden|keyboard|screenSize|smallestScreenSize|locale|layoutDirection|fontScale|screenLayout|density|uiMode"
59            android:exported="true"
60            android:hardwareAccelerated="true"
61            android:launchMode="singleTop"
62            android:theme="@style/LaunchTheme"
63            android:windowSoftInputMode="adjustResize" >
64
65            <!--
66                 Specifies an Android theme to apply to this Activity as soon as
67                 the Android process has started. This theme is visible to the user
68                 while the Flutter UI initializes. After that, this theme continues
69                 to determine the Window background behind the Flutter UI.
70            -->
71            <meta-data
72                android:name="io.flutter.embedding.android.NormalTheme"
73                android:resource="@style/NormalTheme" />
74
75            <intent-filter>
76                <action android:name="android.intent.action.MAIN" />
77
78                <category android:name="android.intent.category.LAUNCHER" />
79            </intent-filter>
80        </activity>
81        <!--
82             Don't delete the meta-data below.
83             This is used by the Flutter tool to generate GeneratedPluginRegistrant.java
84        -->
85        <meta-data
86            android:name="flutterEmbedding"
87            android:value="2" />
88
89        <provider
89-->[:image_picker_android] AndroidManifest.xml:11:9-19:20
90            android:name="io.flutter.plugins.imagepicker.ImagePickerFileProvider"
90-->[:image_picker_android] AndroidManifest.xml:12:13-82
91            android:authorities="com.app.alameen.al_ameen.flutter.image_provider"
91-->[:image_picker_android] AndroidManifest.xml:13:13-74
92            android:exported="false"
92-->[:image_picker_android] AndroidManifest.xml:14:13-37
93            android:grantUriPermissions="true" >
93-->[:image_picker_android] AndroidManifest.xml:15:13-47
94            <meta-data
94-->[:image_picker_android] AndroidManifest.xml:16:13-18:75
95                android:name="android.support.FILE_PROVIDER_PATHS"
95-->[:image_picker_android] AndroidManifest.xml:17:17-67
96                android:resource="@xml/flutter_image_picker_file_paths" />
96-->[:image_picker_android] AndroidManifest.xml:18:17-72
97        </provider> <!-- Trigger Google Play services to install the backported photo picker module. -->
98        <service
98-->[:image_picker_android] AndroidManifest.xml:21:9-33:19
99            android:name="com.google.android.gms.metadata.ModuleDependencies"
99-->[:image_picker_android] AndroidManifest.xml:22:13-78
100            android:enabled="false"
100-->[:image_picker_android] AndroidManifest.xml:23:13-36
101            android:exported="false" >
101-->[:image_picker_android] AndroidManifest.xml:24:13-37
102            <intent-filter>
102-->[:image_picker_android] AndroidManifest.xml:26:13-28:29
103                <action android:name="com.google.android.gms.metadata.MODULE_DEPENDENCIES" />
103-->[:image_picker_android] AndroidManifest.xml:27:17-94
103-->[:image_picker_android] AndroidManifest.xml:27:25-91
104            </intent-filter>
105
106            <meta-data
106-->[:image_picker_android] AndroidManifest.xml:30:13-32:36
107                android:name="photopicker_activity:0:required"
107-->[:image_picker_android] AndroidManifest.xml:31:17-63
108                android:value="" />
108-->[:image_picker_android] AndroidManifest.xml:32:17-33
109        </service>
110
111        <provider
111-->[:open_file_android] AndroidManifest.xml:11:9-21:20
112            android:name="com.crazecoder.openfile.FileProvider"
112-->[:open_file_android] AndroidManifest.xml:12:13-64
113            android:authorities="com.app.alameen.al_ameen.fileProvider.com.crazecoder.openfile"
113-->[:open_file_android] AndroidManifest.xml:13:13-88
114            android:exported="false"
114-->[:open_file_android] AndroidManifest.xml:14:13-37
115            android:grantUriPermissions="true"
115-->[:open_file_android] AndroidManifest.xml:15:13-47
116            android:requestLegacyExternalStorage="true" >
116-->[:open_file_android] AndroidManifest.xml:16:13-56
117            <meta-data
117-->[:image_picker_android] AndroidManifest.xml:16:13-18:75
118                android:name="android.support.FILE_PROVIDER_PATHS"
118-->[:image_picker_android] AndroidManifest.xml:17:17-67
119                android:resource="@xml/filepaths" />
119-->[:image_picker_android] AndroidManifest.xml:18:17-72
120        </provider>
121
122        <activity
122-->[:url_launcher_android] AndroidManifest.xml:10:9-13:74
123            android:name="io.flutter.plugins.urllauncher.WebViewActivity"
123-->[:url_launcher_android] AndroidManifest.xml:11:13-74
124            android:exported="false"
124-->[:url_launcher_android] AndroidManifest.xml:12:13-37
125            android:theme="@android:style/Theme.NoTitleBar.Fullscreen" />
125-->[:url_launcher_android] AndroidManifest.xml:13:13-71
126
127        <uses-library
127-->[androidx.window:window:1.2.0] AndroidManifest.xml:23:9-25:40
128            android:name="androidx.window.extensions"
128-->[androidx.window:window:1.2.0] AndroidManifest.xml:24:13-54
129            android:required="false" />
129-->[androidx.window:window:1.2.0] AndroidManifest.xml:25:13-37
130        <uses-library
130-->[androidx.window:window:1.2.0] AndroidManifest.xml:26:9-28:40
131            android:name="androidx.window.sidecar"
131-->[androidx.window:window:1.2.0] AndroidManifest.xml:27:13-51
132            android:required="false" />
132-->[androidx.window:window:1.2.0] AndroidManifest.xml:28:13-37
133
134        <provider
134-->[androidx.emoji2:emoji2:1.2.0] AndroidManifest.xml:24:9-32:20
135            android:name="androidx.startup.InitializationProvider"
135-->[androidx.emoji2:emoji2:1.2.0] AndroidManifest.xml:25:13-67
136            android:authorities="com.app.alameen.al_ameen.androidx-startup"
136-->[androidx.emoji2:emoji2:1.2.0] AndroidManifest.xml:26:13-68
137            android:exported="false" >
137-->[androidx.emoji2:emoji2:1.2.0] AndroidManifest.xml:27:13-37
138            <meta-data
138-->[androidx.emoji2:emoji2:1.2.0] AndroidManifest.xml:29:13-31:52
139                android:name="androidx.emoji2.text.EmojiCompatInitializer"
139-->[androidx.emoji2:emoji2:1.2.0] AndroidManifest.xml:30:17-75
140                android:value="androidx.startup" />
140-->[androidx.emoji2:emoji2:1.2.0] AndroidManifest.xml:31:17-49
141            <meta-data
141-->[androidx.lifecycle:lifecycle-process:2.7.0] AndroidManifest.xml:29:13-31:52
142                android:name="androidx.lifecycle.ProcessLifecycleInitializer"
142-->[androidx.lifecycle:lifecycle-process:2.7.0] AndroidManifest.xml:30:17-78
143                android:value="androidx.startup" />
143-->[androidx.lifecycle:lifecycle-process:2.7.0] AndroidManifest.xml:31:17-49
144            <meta-data
144-->[androidx.profileinstaller:profileinstaller:1.3.1] AndroidManifest.xml:29:13-31:52
145                android:name="androidx.profileinstaller.ProfileInstallerInitializer"
145-->[androidx.profileinstaller:profileinstaller:1.3.1] AndroidManifest.xml:30:17-85
146                android:value="androidx.startup" />
146-->[androidx.profileinstaller:profileinstaller:1.3.1] AndroidManifest.xml:31:17-49
147        </provider>
148
149        <receiver
149-->[androidx.profileinstaller:profileinstaller:1.3.1] AndroidManifest.xml:34:9-52:20
150            android:name="androidx.profileinstaller.ProfileInstallReceiver"
150-->[androidx.profileinstaller:profileinstaller:1.3.1] AndroidManifest.xml:35:13-76
151            android:directBootAware="false"
151-->[androidx.profileinstaller:profileinstaller:1.3.1] AndroidManifest.xml:36:13-44
152            android:enabled="true"
152-->[androidx.profileinstaller:profileinstaller:1.3.1] AndroidManifest.xml:37:13-35
153            android:exported="true"
153-->[androidx.profileinstaller:profileinstaller:1.3.1] AndroidManifest.xml:38:13-36
154            android:permission="android.permission.DUMP" >
154-->[androidx.profileinstaller:profileinstaller:1.3.1] AndroidManifest.xml:39:13-57
155            <intent-filter>
155-->[androidx.profileinstaller:profileinstaller:1.3.1] AndroidManifest.xml:40:13-42:29
156                <action android:name="androidx.profileinstaller.action.INSTALL_PROFILE" />
156-->[androidx.profileinstaller:profileinstaller:1.3.1] AndroidManifest.xml:41:17-91
156-->[androidx.profileinstaller:profileinstaller:1.3.1] AndroidManifest.xml:41:25-88
157            </intent-filter>
158            <intent-filter>
158-->[androidx.profileinstaller:profileinstaller:1.3.1] AndroidManifest.xml:43:13-45:29
159                <action android:name="androidx.profileinstaller.action.SKIP_FILE" />
159-->[androidx.profileinstaller:profileinstaller:1.3.1] AndroidManifest.xml:44:17-85
159-->[androidx.profileinstaller:profileinstaller:1.3.1] AndroidManifest.xml:44:25-82
160            </intent-filter>
161            <intent-filter>
161-->[androidx.profileinstaller:profileinstaller:1.3.1] AndroidManifest.xml:46:13-48:29
162                <action android:name="androidx.profileinstaller.action.SAVE_PROFILE" />
162-->[androidx.profileinstaller:profileinstaller:1.3.1] AndroidManifest.xml:47:17-88
162-->[androidx.profileinstaller:profileinstaller:1.3.1] AndroidManifest.xml:47:25-85
163            </intent-filter>
164            <intent-filter>
164-->[androidx.profileinstaller:profileinstaller:1.3.1] AndroidManifest.xml:49:13-51:29
165                <action android:name="androidx.profileinstaller.action.BENCHMARK_OPERATION" />
165-->[androidx.profileinstaller:profileinstaller:1.3.1] AndroidManifest.xml:50:17-95
165-->[androidx.profileinstaller:profileinstaller:1.3.1] AndroidManifest.xml:50:25-92
166            </intent-filter>
167        </receiver>
168    </application>
169
170</manifest>